{"timestamp": "2026-02-12T12:07:53.027697", "event": "status_change", "candidate_id": "09572249-f2ef-4670-b1c1-c84afaf01b87", "from": "PENDING", "to": "TOP_SECRET_REVIEW", "actor": "M"}
{"timestamp": "2026-02-12T12:07:53.029770", "event": "status_change", "candidate_id": "09572249-f2ef-4670-b1c1-c84afaf01b87", "from": "TOP_SECRET_REVIEW", "to": "ACCEPTED", "actor": "M"}
{"timestamp": "2026-02-12T12:07:53.029770", "event": "status_change", "candidate_id": "09572249-f2ef-4670-b1c1-c84afaf01b87", "from": "UNDER_REVIEW", "to": "INVITE", "actor": "M_PUBLIC"}
{"timestamp": "2026-02-12T12:08:11.582676", "event": "status_change", "candidate_id": "d4f5e56a-2486-48bb-9b57-6298e0befb84", "from": "PENDING", "to": "TOP_SECRET_REVIEW", "actor": "M"}
{"timestamp": "2026-02-12T12:08:11.585191", "event": "status_change", "candidate_id": "d4f5e56a-2486-48bb-9b57-6298e0befb84", "from": "TOP_SECRET_REVIEW", "to": "ACCEPTED", "actor": "M"}
{"timestamp": "2026-02-12T12:08:11.586699", "event": "status_change", "candidate_id": "d4f5e56a-2486-48bb-9b57-6298e0befb84", "from": "UNDER_REVIEW", "to": "INVITE", "actor": "M_PUBLIC"}
{"timestamp": "2026-02-12T12:08:12.096405", "event": "notification_sent", "candidate_id": "d4f5e56a-2486-48bb-9b57-6298e0befb84", "channel": "EMAIL", "target_status": "INVITE", "result": "SUCCESS"}
{"timestamp": "2026-02-12T12:10:39.080233", "event": "status_change", "candidate_id": "c7f9c294-4fd7-4869-802e-7343717d593b", "from": "PENDING", "to": "TOP_SECRET_REVIEW", "actor": "M"}
{"timestamp": "2026-02-12T12:10:39.083626", "event": "status_change", "candidate_id": "c7f9c294-4fd7-4869-802e-7343717d593b", "from": "TOP_SECRET_REVIEW", "to": "ACCEPTED", "actor": "M"}
{"timestamp": "2026-02-12T12:10:39.088048", "event": "status_change", "candidate_id": "c7f9c294-4fd7-4869-802e-7343717d593b", "from": "UNDER_REVIEW", "to": "INVITE", "actor": "M_PUBLIC"}
{"timestamp": "2026-02-12T12:10:39.610114", "event": "notification_sent", "candidate_id": "c7f9c294-4fd7-4869-802e-7343717d593b", "channel": "EMAIL", "target_status": "INVITE", "result": "SUCCESS"}
{"timestamp": "2026-02-12T12:49:59.322906", "event": "status_change", "candidate_id": "3e6af9ee-a0ca-4518-a9e0-79cf515d79f8", "from": "PENDING", "to": "TECH_REVIEW_PASSED", "actor": "ADMIN"}
{"timestamp": "2026-02-12T12:50:26.059688", "event": "status_change", "candidate_id": "3e6af9ee-a0ca-4518-a9e0-79cf515d79f8", "from": "TECH_REVIEW_PASSED", "to": "HIRED", "actor": "ADMIN"}
{"timestamp": "2026-02-12T12:50:26.065478", "event": "status_change", "candidate_id": "3e6af9ee-a0ca-4518-a9e0-79cf515d79f8", "from": "UNDER_REVIEW", "to": "INVITE", "actor": "ADMIN_PUBLIC"}
{"timestamp": "2026-02-12T12:50:26.596378", "event": "notification_sent", "candidate_id": "3e6af9ee-a0ca-4518-a9e0-79cf515d79f8", "channel": "EMAIL", "target_status": "INVITE", "result": "SUCCESS"}
{"timestamp": "2026-02-12T18:24:39.983356", "event": "status_change", "candidate_id": "92034316-6687-4619-97bc-7feb5fd070ee", "from": "PENDING", "to": "REJECTED", "actor": "ADMIN"}
{"timestamp": "2026-02-12T18:24:39.991871", "event": "status_change", "candidate_id": "92034316-6687-4619-97bc-7feb5fd070ee", "from": "UNDER_REVIEW", "to": "REJECT", "actor": "ADMIN_PUBLIC"}
{"timestamp": "2026-02-12T18:24:40.519920", "event": "notification_sent", "candidate_id": "92034316-6687-4619-97bc-7feb5fd070ee", "channel": "EMAIL", "target_status": "REJECT", "result": "SUCCESS"}
{"timestamp": "2026-02-12T18:30:48.052153", "event": "status_change", "candidate_id": "cb653ec9-79c9-47a3-8ed7-cd74dde2a597", "from": "PENDING", "to": "INVITED", "actor": "ADMIN"}
{"timestamp": "2026-02-12T18:30:48.058480", "event": "status_change", "candidate_id": "cb653ec9-79c9-47a3-8ed7-cd74dde2a597", "from": "UNDER_REVIEW", "to": "INVITE", "actor": "ADMIN_PUBLIC"}
{"timestamp": "2026-02-12T18:30:48.575623", "event": "notification_sent", "candidate_id": "cb653ec9-79c9-47a3-8ed7-cd74dde2a597", "channel": "EMAIL", "target_status": "INVITE", "result": "SUCCESS"}
{"timestamp": "2026-02-12T18:47:27.594034", "event": "status_change", "candidate_id": "14e60836-4070-430b-8ca9-94d13a15892f", "from": "PENDING", "to": "INVITED", "actor": "ADMIN"}
{"timestamp": "2026-02-12T18:47:27.601465", "event": "status_change", "candidate_id": "14e60836-4070-430b-8ca9-94d13a15892f", "from": "UNDER_REVIEW", "to": "INVITE", "actor": "ADMIN_PUBLIC"}
{"timestamp": "2026-02-12T18:47:28.125072", "event": "notification_sent", "candidate_id": "14e60836-4070-430b-8ca9-94d13a15892f", "channel": "EMAIL", "target_status": "INVITE", "result": "SUCCESS"}
{"timestamp": "2026-02-12T18:50:35.380867", "event": "status_change", "candidate_id": "14e60836-4070-430b-8ca9-94d13a15892f", "from": "INVITED", "to": "REJECTED", "actor": "ADMIN"}
{"timestamp": "2026-02-12T18:50:35.386373", "event": "status_change", "candidate_id": "14e60836-4070-430b-8ca9-94d13a15892f", "from": "INVITE", "to": "REJECT", "actor": "ADMIN_PUBLIC"}
{"timestamp": "2026-02-12T18:50:35.899306", "event": "notification_sent", "candidate_id": "14e60836-4070-430b-8ca9-94d13a15892f", "channel": "EMAIL", "target_status": "REJECT", "result": "SUCCESS"}
{"timestamp": "2026-02-12T18:50:39.366566", "event": "status_change", "candidate_id": "14e60836-4070-430b-8ca9-94d13a15892f", "from": "REJECTED", "to": "INVITED", "actor": "ADMIN"}
{"timestamp": "2026-02-12T18:50:39.371647", "event": "status_change", "candidate_id": "14e60836-4070-430b-8ca9-94d13a15892f", "from": "REJECT", "to": "INVITE", "actor": "ADMIN_PUBLIC"}
{"timestamp": "2026-02-12T18:50:39.885898", "event": "notification_sent", "candidate_id": "14e60836-4070-430b-8ca9-94d13a15892f", "channel": "EMAIL", "target_status": "INVITE", "result": "SUCCESS"}
{"timestamp": "2026-02-12T18:50:42.534383", "event": "status_change", "candidate_id": "3fe101f2-df53-4d43-bc77-4259c14adf9b", "from": "PENDING", "to": "REJECTED", "actor": "ADMIN"}
{"timestamp": "2026-02-12T18:50:42.541907", "event": "status_change", "candidate_id": "3fe101f2-df53-4d43-bc77-4259c14adf9b", "from": "UNDER_REVIEW", "to": "REJECT", "actor": "ADMIN_PUBLIC"}
{"timestamp": "2026-02-12T18:50:43.067799", "event": "notification_sent", "candidate_id": "3fe101f2-df53-4d43-bc77-4259c14adf9b", "channel": "EMAIL", "target_status": "REJECT", "result": "SUCCESS"}
{"timestamp": "2026-02-12T19:27:23.793624", "event": "status_change", "candidate_id": "0a7e5187-830a-4ef7-8e4f-8254b4b55c29", "from": "PENDING", "to": "REJECT", "actor": "BOT_1743337357"}
{"timestamp": "2026-02-12T19:27:23.796060", "event": "status_change", "candidate_id": "0a7e5187-830a-4ef7-8e4f-8254b4b55c29", "from": "UNDER_REVIEW", "to": "REJECT", "actor": "BOT_1743337357_PUBLIC"}
{"timestamp": "2026-02-12T19:27:24.303137", "event": "notification_sent", "candidate_id": "0a7e5187-830a-4ef7-8e4f-8254b4b55c29", "channel": "EMAIL", "target_status": "REJECT", "result": "SUCCESS"}
{"timestamp": "2026-02-13T14:41:32.206510", "event": "status_change", "candidate_id": "65b64bed-6452-4401-86a8-26b1f8f94e91", "from": "PENDING", "to": "REJECTED", "actor": "ADMIN"}
{"timestamp": "2026-02-13T14:41:32.207673", "event": "status_change", "candidate_id": "65b64bed-6452-4401-86a8-26b1f8f94e91", "from": "UNDER_REVIEW", "to": "REJECTED", "actor": "ADMIN_PUBLIC"}
{"timestamp": "2026-02-13T14:52:48.820766", "event": "status_change", "candidate_id": "65b64bed-6452-4401-86a8-26b1f8f94e91", "from": "REJECTED", "to": "INVITED", "actor": "ADMIN"}
{"timestamp": "2026-02-13T14:52:48.822392", "event": "status_change", "candidate_id": "65b64bed-6452-4401-86a8-26b1f8f94e91", "from": "REJECTED", "to": "INVITED", "actor": "ADMIN_PUBLIC"}
{"timestamp": "2026-02-13T18:04:58.267315", "event": "status_change", "candidate_id": "d4f9f2c4-bd19-46e8-b052-622b122f92f8", "from": "PENDING", "to": "INVITED", "actor": "ADMIN"}
{"timestamp": "2026-02-13T18:04:58.272610", "event": "status_change", "candidate_id": "d4f9f2c4-bd19-46e8-b052-622b122f92f8", "from": "UNDER_REVIEW", "to": "INVITED", "actor": "ADMIN_PUBLIC"}
{"timestamp": "2026-02-13T18:04:58.799736", "event": "notification_sent", "candidate_id": "d4f9f2c4-bd19-46e8-b052-622b122f92f8", "channel": "EMAIL", "target_status": "INVITED", "result": "SUCCESS"}
{"timestamp": "2026-02-13T18:39:11.872330", "event": "status_change", "candidate_id": "7bdca490-c718-432d-8c2d-0f945b1725b1", "from": "PENDING", "to": "INVITED", "actor": "ADMIN"}
{"timestamp": "2026-02-13T18:39:11.877149", "event": "status_change", "candidate_id": "7bdca490-c718-432d-8c2d-0f945b1725b1", "from": "UNDER_REVIEW", "to": "INVITED", "actor": "ADMIN_PUBLIC"}
{"timestamp": "2026-02-13T18:39:13.971648", "event": "notification_sent", "candidate_id": "7bdca490-c718-432d-8c2d-0f945b1725b1", "channel": "SMS", "target_status": "INVITED", "result": "SUCCESS"}
{"timestamp": "2026-02-13T18:50:09.859844", "event": "status_change", "candidate_id": "7bdca490-c718-432d-8c2d-0f945b1725b1", "from": "INVITED", "to": "INVITED", "actor": "ADMIN"}
{"timestamp": "2026-02-13T19:08:16.705963", "event": "status_change", "candidate_id": "7bdca490-c718-432d-8c2d-0f945b1725b1", "from": "INVITED", "to": "INVITED", "actor": "ADMIN"}
{"timestamp": "2026-02-13T19:09:24.405379", "event": "status_change", "candidate_id": "65b64bed-6452-4401-86a8-26b1f8f94e91", "from": "INVITED", "to": "REJECTED", "actor": "ADMIN"}
{"timestamp": "2026-02-13T19:09:24.409802", "event": "status_change", "candidate_id": "65b64bed-6452-4401-86a8-26b1f8f94e91", "from": "INVITED", "to": "REJECTED", "actor": "ADMIN_PUBLIC"}
{"timestamp": "2026-02-13T19:09:29.470348", "event": "notification_sent", "candidate_id": "65b64bed-6452-4401-86a8-26b1f8f94e91", "channel": "EMAIL", "target_status": "REJECTED", "result": "SUCCESS"}
{"timestamp": "2026-02-13T19:13:41.510722", "event": "status_change", "candidate_id": "8062af24-7176-4ebf-aa86-1c83fb20f924", "from": "PENDING", "to": "INVITED", "actor": "ADMIN"}
{"timestamp": "2026-02-13T19:13:41.516243", "event": "status_change", "candidate_id": "8062af24-7176-4ebf-aa86-1c83fb20f924", "from": "UNDER_REVIEW", "to": "INVITED", "actor": "ADMIN_PUBLIC"}
{"timestamp": "2026-02-13T19:13:43.749711", "event": "notification_sent", "candidate_id": "8062af24-7176-4ebf-aa86-1c83fb20f924", "channel": "EMAIL", "target_status": "INVITED", "result": "SUCCESS"}
